<?xml version="1.0" encoding="UTF-8"?>
<!-- Generated by org.testng.reporters.JUnitReportReporter -->
<testsuite skipped="0" hostname="vaibhav-Latitude-3550" name="com.nmc.testcases.two_seven.SampleTestCase" tests="2" failures="0" timestamp="17 Dec 2019 12:56:37 GMT" time="4.001" errors="0">
  <testcase name="test_2" time="0.005" classname="com.nmc.testcases.two_seven.SampleTestCase"/>
  <testcase name="test_1" time="3.996" classname="com.nmc.testcases.two_seven.SampleTestCase"/>
</testsuite> <!-- com.nmc.testcases.two_seven.SampleTestCase -->
